
mode=auto temp=15
keepalive:
s=0 m=3 v=47 rv=4 fs=4

mode=off
status:
0 4 6000 15.0 2
keepalive:
s=0 m=3 v=47 rv=4 fs=4

mode=on
status:
0 4 6000 15.0 1
keepalive:
s=0 m=3 v=47 rv=4 fs=4
s=1 m=1 v=47 rv=4 fs=4

mode=off
status:
1 4 6000 15.0 2
keepalive:
s=0 m=2 v=47 rv=4 fs=4

mode=auto
status:
0 4 6000 15.0 3
keepalive:
s=0 m=3 


temp=25
status:
0 4 6000 25.0 3
keepalive:
s=0 m=3

mode=eco
0 4 6000 25.0 0
s=0 m=0

fanpower=100
0 12 6000 25.0 0

fanpower=50
0 6 6000 25.0 0

fanpower=0
0 0 6000 25.0 0


status {
    lastFanStatus(0-1)
    fanpower (0-12)
    unknown(rpm?) // 6000 == ???!
    temperature (1-12.0)
    mode (
        0 = eco
        3 = auto
        2 = off
        1 = on
    )
}

keepalive {
    v=firmwareVersion
    rv=firmewareRevision(not sure)
    s=currentFanStatus
    m=currentMode
    fs=no idea
}

//{"s":0", "m":1,"v":47,"rv":4,"fs:4}